2025-10-21 10:23:52 [ERROR] Error de conexión con WorldTimeAPI (America/New_York): ('Connection aborted.', ConnectionResetError(10054, 'Se ha forzado la interrupción de una conexión existente por el host remoto', None, 10054, None))
2025-10-21 10:23:54 [ERROR] Error de conexión con WorldTimeAPI (America/New_York): ('Connection aborted.', ConnectionResetError(10054, 'Se ha forzado la interrupción de una conexión existente por el host remoto', None, 10054, None))
2025-10-21 10:23:57 [ERROR] Error de conexión con WorldTimeAPI (America/New_York): ('Connection aborted.', ConnectionResetError(10054, 'Se ha forzado la interrupción de una conexión existente por el host remoto', None, 10054, None))
2025-10-21 10:23:57 [ERROR] [WorldTimeAPI] No se pudo obtener datos para Nueva York: RetryError[<Future at 0x27f60a47a80 state=finished raised ConnectionError>]
2025-10-21 10:23:59 [ERROR] Error de conexión con WorldTimeAPI (Europe/London): ('Connection aborted.', ConnectionResetError(10054, 'Se ha forzado la interrupción de una conexión existente por el host remoto', None, 10054, None))
2025-10-21 10:24:01 [ERROR] Error de conexión con WorldTimeAPI (Europe/London): ('Connection aborted.', ConnectionResetError(10054, 'Se ha forzado la interrupción de una conexión existente por el host remoto', None, 10054, None))
2025-10-21 10:24:03 [ERROR] Error de conexión con WorldTimeAPI (Europe/London): ('Connection aborted.', ConnectionResetError(10054, 'Se ha forzado la interrupción de una conexión existente por el host remoto', None, 10054, None))
2025-10-21 10:24:03 [ERROR] [WorldTimeAPI] No se pudo obtener datos para Londres: RetryError[<Future at 0x27f60ada450 state=finished raised ConnectionError>]
2025-10-21 10:24:06 [ERROR] Error de conexión con WorldTimeAPI (Asia/Tokyo): ('Connection aborted.', ConnectionResetError(10054, 'Se ha forzado la interrupción de una conexión existente por el host remoto', None, 10054, None))
2025-10-21 10:24:08 [ERROR] Error de conexión con WorldTimeAPI (Asia/Tokyo): ('Connection aborted.', ConnectionResetError(10054, 'Se ha forzado la interrupción de una conexión existente por el host remoto', None, 10054, None))
2025-10-21 10:24:10 [ERROR] Error de conexión con WorldTimeAPI (Asia/Tokyo): ('Connection aborted.', ConnectionResetError(10054, 'Se ha forzado la interrupción de una conexión existente por el host remoto', None, 10054, None))
2025-10-21 10:24:10 [ERROR] [WorldTimeAPI] No se pudo obtener datos para Tokio: RetryError[<Future at 0x27f616d4600 state=finished raised ConnectionError>]
2025-10-21 10:24:12 [ERROR] Error de conexión con WorldTimeAPI (America/Sao_Paulo): ('Connection aborted.', ConnectionResetError(10054, 'Se ha forzado la interrupción de una conexión existente por el host remoto', None, 10054, None))
2025-10-21 10:24:14 [ERROR] Error de conexión con WorldTimeAPI (America/Sao_Paulo): ('Connection aborted.', ConnectionResetError(10054, 'Se ha forzado la interrupción de una conexión existente por el host remoto', None, 10054, None))
2025-10-21 10:24:17 [ERROR] Error de conexión con WorldTimeAPI (America/Sao_Paulo): ('Connection aborted.', ConnectionResetError(10054, 'Se ha forzado la interrupción de una conexión existente por el host remoto', None, 10054, None))
2025-10-21 10:24:17 [ERROR] [WorldTimeAPI] No se pudo obtener datos para São Paulo: RetryError[<Future at 0x27f60b16c10 state=finished raised ConnectionError>]
2025-10-21 10:24:19 [ERROR] Error de conexión con WorldTimeAPI (Australia/Sydney): ('Connection aborted.', ConnectionResetError(10054, 'Se ha forzado la interrupción de una conexión existente por el host remoto', None, 10054, None))
2025-10-21 10:24:21 [ERROR] Error de conexión con WorldTimeAPI (Australia/Sydney): ('Connection aborted.', ConnectionResetError(10054, 'Se ha forzado la interrupción de una conexión existente por el host remoto', None, 10054, None))
2025-10-21 10:24:23 [ERROR] Error de conexión con WorldTimeAPI (Australia/Sydney): ('Connection aborted.', ConnectionResetError(10054, 'Se ha forzado la interrupción de una conexión existente por el host remoto', None, 10054, None))
2025-10-21 10:24:23 [ERROR] [WorldTimeAPI] No se pudo obtener datos para Sídney: RetryError[<Future at 0x27f616b0c50 state=finished raised ConnectionError>]
2025-10-21 10:25:26 [ERROR] Error de conexión con WorldTimeAPI (America/New_York): ('Connection aborted.', ConnectionResetError(10054, 'Se ha forzado la interrupción de una conexión existente por el host remoto', None, 10054, None))
2025-10-21 10:25:29 [ERROR] Error de conexión con WorldTimeAPI (America/New_York): ('Connection aborted.', ConnectionResetError(10054, 'Se ha forzado la interrupción de una conexión existente por el host remoto', None, 10054, None))
2025-10-21 10:25:31 [ERROR] Error de conexión con WorldTimeAPI (America/New_York): ('Connection aborted.', ConnectionResetError(10054, 'Se ha forzado la interrupción de una conexión existente por el host remoto', None, 10054, None))
2025-10-21 10:25:31 [ERROR] [WorldTimeAPI] No se pudo obtener datos para Nueva York: RetryError[<Future at 0x27f616da350 state=finished raised ConnectionError>]
2025-10-21 10:25:33 [ERROR] Error de conexión con WorldTimeAPI (Europe/London): ('Connection aborted.', ConnectionResetError(10054, 'Se ha forzado la interrupción de una conexión existente por el host remoto', None, 10054, None))
2025-10-21 10:25:35 [ERROR] Error de conexión con WorldTimeAPI (Europe/London): ('Connection aborted.', ConnectionResetError(10054, 'Se ha forzado la interrupción de una conexión existente por el host remoto', None, 10054, None))
2025-10-21 10:25:38 [ERROR] Error de conexión con WorldTimeAPI (Europe/London): ('Connection aborted.', ConnectionResetError(10054, 'Se ha forzado la interrupción de una conexión existente por el host remoto', None, 10054, None))
2025-10-21 10:25:38 [ERROR] [WorldTimeAPI] No se pudo obtener datos para Londres: RetryError[<Future at 0x27f616e25d0 state=finished raised ConnectionError>]
2025-10-21 10:25:40 [ERROR] Error de conexión con WorldTimeAPI (Asia/Tokyo): ('Connection aborted.', ConnectionResetError(10054, 'Se ha forzado la interrupción de una conexión existente por el host remoto', None, 10054, None))
2025-10-21 10:25:42 [ERROR] Error de conexión con WorldTimeAPI (Asia/Tokyo): ('Connection aborted.', ConnectionResetError(10054, 'Se ha forzado la interrupción de una conexión existente por el host remoto', None, 10054, None))
2025-10-21 10:25:44 [ERROR] Error de conexión con WorldTimeAPI (Asia/Tokyo): ('Connection aborted.', ConnectionResetError(10054, 'Se ha forzado la interrupción de una conexión existente por el host remoto', None, 10054, None))
2025-10-21 10:25:44 [ERROR] [WorldTimeAPI] No se pudo obtener datos para Tokio: RetryError[<Future at 0x27f616d9650 state=finished raised ConnectionError>]
2025-10-21 10:25:46 [ERROR] Error de conexión con WorldTimeAPI (America/Sao_Paulo): ('Connection aborted.', ConnectionResetError(10054, 'Se ha forzado la interrupción de una conexión existente por el host remoto', None, 10054, None))
2025-10-21 10:25:49 [ERROR] Error de conexión con WorldTimeAPI (America/Sao_Paulo): ('Connection aborted.', ConnectionResetError(10054, 'Se ha forzado la interrupción de una conexión existente por el host remoto', None, 10054, None))
2025-10-21 10:25:51 [ERROR] Error de conexión con WorldTimeAPI (America/Sao_Paulo): ('Connection aborted.', ConnectionResetError(10054, 'Se ha forzado la interrupción de una conexión existente por el host remoto', None, 10054, None))
2025-10-21 10:25:51 [ERROR] [WorldTimeAPI] No se pudo obtener datos para São Paulo: RetryError[<Future at 0x27f616b0650 state=finished raised ConnectionError>]
2025-10-21 10:25:53 [ERROR] Error de conexión con WorldTimeAPI (Australia/Sydney): ('Connection aborted.', ConnectionResetError(10054, 'Se ha forzado la interrupción de una conexión existente por el host remoto', None, 10054, None))
2025-10-21 10:25:56 [ERROR] Error de conexión con WorldTimeAPI (Australia/Sydney): ('Connection aborted.', ConnectionResetError(10054, 'Se ha forzado la interrupción de una conexión existente por el host remoto', None, 10054, None))
2025-10-21 10:25:58 [ERROR] Error de conexión con WorldTimeAPI (Australia/Sydney): ('Connection aborted.', ConnectionResetError(10054, 'Se ha forzado la interrupción de una conexión existente por el host remoto', None, 10054, None))
2025-10-21 10:25:58 [ERROR] [WorldTimeAPI] No se pudo obtener datos para Sídney: RetryError[<Future at 0x27f616e16d0 state=finished raised ConnectionError>]
